<?xml version="1.0" encoding="UTF-8"?>
<testng-results skipped="0" failed="0" ignored="0" total="1" passed="1">
  <reporter-output>
  </reporter-output>
  <suite name="Surefire suite" duration-ms="360" started-at="2022-08-05T15:57:20 CST" finished-at="2022-08-05T15:57:21 CST">
    <groups>
    </groups>
    <test name="Surefire test" duration-ms="360" started-at="2022-08-05T15:57:20 CST" finished-at="2022-08-05T15:57:21 CST">
      <class name="cn.exrick.xboot.TestNGTest">
        <test-method status="PASS" signature="passTest()[pri:0, instance:cn.exrick.xboot.TestNGTest@71248c21]" name="passTest" duration-ms="12" started-at="2022-08-05T15:57:20 CST" finished-at="2022-08-05T15:57:21 CST">
          <reporter-output>
          </reporter-output>
        </test-method> <!-- passTest -->
      </class> <!-- cn.exrick.xboot.TestNGTest -->
    </test> <!-- Surefire test -->
  </suite> <!-- Surefire suite -->
</testng-results>
